[debug] [2023-03-28T14:26:49.997Z] ----------------------------------------------------------------------
[debug] [2023-03-28T14:26:49.998Z] Command:       /usr/local/Cellar/node@16/16.18.0/bin/node /usr/local/bin/firebase init
[debug] [2023-03-28T14:26:49.999Z] CLI Version:   11.25.1
[debug] [2023-03-28T14:26:49.999Z] Platform:      darwin
[debug] [2023-03-28T14:26:49.999Z] Node Version:  v16.18.0
[debug] [2023-03-28T14:26:50.000Z] Time:          Tue Mar 28 2023 10:26:49 GMT-0400 (Eastern Daylight Time)
[debug] [2023-03-28T14:26:50.001Z] ----------------------------------------------------------------------
[debug] 
[debug] [2023-03-28T14:26:50.006Z] > command requires scopes: ["email","openid","https://www.googleapis.com/auth/cloudplatformprojects.readonly","https://www.googleapis.com/auth/firebase","https://www.googleapis.com/auth/cloud-platform"]
[debug] [2023-03-28T14:26:50.006Z] > authorizing via signed-in user (tatyanakarlen@gmail.com)
[info] 
     ######## #### ########  ######## ########     ###     ######  ########
     ##        ##  ##     ## ##       ##     ##  ##   ##  ##       ##
     ######    ##  ########  ######   ########  #########  ######  ######
     ##        ##  ##    ##  ##       ##     ## ##     ##       ## ##
     ##       #### ##     ## ######## ########  ##     ##  ######  ########

You're about to initialize a Firebase project in this directory:

  /Users/tatyanakarlen/Documents/myStuff/firebase-tutorial

[info] 
=== Project Setup
[info] 
[info] First, let's associate this project directory with a Firebase project.
[info] You can create multiple project aliases by running firebase use --add, 
[info] but for now we'll just set up a default project.
[info] 
[debug] [2023-03-28T14:28:37.884Z] >>> [apiv2][query] GET https://firebase.googleapis.com/v1beta1/projects pageSize=100
[debug] [2023-03-28T14:28:38.270Z] <<< [apiv2][status] GET https://firebase.googleapis.com/v1beta1/projects 200
[debug] [2023-03-28T14:28:38.271Z] <<< [apiv2][body] GET https://firebase.googleapis.com/v1beta1/projects [omitted]
[info] i  Using project fir-course-472c1 (Firebase-course) 
[info] 
=== Hosting Setup
[info] 
[info] Your public directory is the folder (relative to your project directory) that
[info] will contain Hosting assets to be uploaded with firebase deploy. If you
[info] have a build process for your assets, use your build's output directory.
[info] 
[info] ✔  Wrote public/404.html 
[debug] [2023-03-28T14:30:07.084Z] >>> [apiv2][query] GET https://www.gstatic.com/firebasejs/releases.json [none]
[debug] [2023-03-28T14:30:07.183Z] <<< [apiv2][status] GET https://www.gstatic.com/firebasejs/releases.json 200
[debug] [2023-03-28T14:30:07.184Z] <<< [apiv2][body] GET https://www.gstatic.com/firebasejs/releases.json {"current":{"version":"9.18.0","browserURL":"https://www.gstatic.com/firebasejs/9.18.0/firebase.js","packageURL":"https://www.gstatic.com/firebasejs/9.18.0/firebase.tgz"},"live":{"version":"9.18","browserURL":"https://www.gstatic.com/firebasejs/live/9.18/firebase.js","packageURL":"https://www.gstatic.com/firebasejs/live/9.18/firebase.tgz"},"components":{"analytics":"https://www.gstatic.com/firebasejs/9.18.0/firebase-analytics.js","app":"https://www.gstatic.com/firebasejs/9.18.0/firebase-app.js","app-check":"https://www.gstatic.com/firebasejs/9.18.0/firebase-app-check.js","auth":"https://www.gstatic.com/firebasejs/9.18.0/firebase-auth.js","auth/cordova":"https://www.gstatic.com/firebasejs/9.18.0/firebase-auth/cordova.js","auth/react-native":"https://www.gstatic.com/firebasejs/9.18.0/firebase-auth/react-native.js","functions":"https://www.gstatic.com/firebasejs/9.18.0/firebase-functions.js","firestore":"https://www.gstatic.com/firebasejs/9.18.0/firebase-firestore.js","firestore/lite":"https://www.gstatic.com/firebasejs/9.18.0/firebase-firestore/lite.js","installations":"https://www.gstatic.com/firebasejs/9.18.0/firebase-installations.js","storage":"https://www.gstatic.com/firebasejs/9.18.0/firebase-storage.js","performance":"https://www.gstatic.com/firebasejs/9.18.0/firebase-performance.js","remote-config":"https://www.gstatic.com/firebasejs/9.18.0/firebase-remote-config.js","messaging":"https://www.gstatic.com/firebasejs/9.18.0/firebase-messaging.js","messaging/sw":"https://www.gstatic.com/firebasejs/9.18.0/firebase-messaging/sw.js","database":"https://www.gstatic.com/firebasejs/9.18.0/firebase-database.js","firestore.memory":"https://www.gstatic.com/firebasejs/9.18.0/firebase-firestore.memory.js"}}
[info] i  Skipping write of public/index.html 
[info] 
[info] i  Detected a .git folder at /Users/tatyanakarlen/Documents/myStuff/firebase-tutorial 
[info] i  Authorizing with GitHub to upload your service account to a GitHub repository's secrets store. 
[info] 
[info] Visit this URL on this device to log in:
[info] https://github.com/login/oauth/authorize?client_id=89cf50f02ac6aaed3484&state=693233503&redirect_uri=http%3A%2F%2Flocalhost%3A9005&scope=read%3Auser%20repo%20public_repo
[info] 
[info] Waiting for authentication...
[debug] [2023-03-28T14:30:51.799Z] >>> [apiv2][query] POST https://github.com/login/oauth/access_token [none]
[debug] [2023-03-28T14:30:51.799Z] >>> [apiv2][body] POST https://github.com/login/oauth/access_token [stream]
[debug] [2023-03-28T14:30:52.075Z] <<< [apiv2][status] POST https://github.com/login/oauth/access_token 200
[debug] [2023-03-28T14:30:52.075Z] <<< [apiv2][body] POST https://github.com/login/oauth/access_token {"access_token":"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","token_type":"bearer","scope":"read:user,repo"}
[debug] [2023-03-28T14:30:52.080Z] >>> [apiv2][query] GET https://api.github.com/user [none]
[debug] [2023-03-28T14:30:52.385Z] <<< [apiv2][status] GET https://api.github.com/user 200
[debug] [2023-03-28T14:30:52.386Z] <<< [apiv2][body] GET https://api.github.com/user {"login":"tatyanakarlen","id":99438264,"node_id":"U_kgDOBe1OuA","avatar_url":"https://avatars.githubusercontent.com/u/99438264?v=4","gravatar_id":"","url":"https://api.github.com/users/tatyanakarlen","html_url":"https://github.com/tatyanakarlen","followers_url":"https://api.github.com/users/tatyanakarlen/followers","following_url":"https://api.github.com/users/tatyanakarlen/following{/other_user}","gists_url":"https://api.github.com/users/tatyanakarlen/gists{/gist_id}","starred_url":"https://api.github.com/users/tatyanakarlen/starred{/owner}{/repo}","subscriptions_url":"https://api.github.com/users/tatyanakarlen/subscriptions","organizations_url":"https://api.github.com/users/tatyanakarlen/orgs","repos_url":"https://api.github.com/users/tatyanakarlen/repos","events_url":"https://api.github.com/users/tatyanakarlen/events{/privacy}","received_events_url":"https://api.github.com/users/tatyanakarlen/received_events","type":"User","site_admin":false,"name":"Tatyana Karlen ","company":null,"blog":"https://www.tatyanakarlen.com/","location":"Toronto ","email":null,"hireable":null,"bio":"Full-Stack Developer ","twitter_username":null,"public_repos":14,"public_gists":0,"followers":2,"following":2,"created_at":"2022-02-10T20:11:00Z","updated_at":"2023-02-12T18:57:25Z","private_gists":0,"total_private_repos":2,"owned_private_repos":2,"disk_usage":195269,"collaborators":2,"two_factor_authentication":false,"plan":{"name":"free","space":976562499,"collaborators":0,"private_repos":10000}}
[info] 
[info] ✔  Success! Logged into GitHub as tatyanakarlen 
[info] 
